
> elirama-web@0.0.0 build
> prisma generate && next build

Environment variables loaded from .env
Prisma schema loaded from prisma\schema.prisma

Î“ÂŁĂ¶ Generated Prisma Client (v5.22.0) to .\node_modules\@prisma\client in 267ms

Start by importing your Prisma Client (See: https://pris.ly/d/importing-client)

Help us improve the Prisma ORM for everyone. Share your feedback in a short 2-min survey: https://pris.ly/orm/survey/release-5-22

  Î“Ă»â–“ Next.js 14.2.35
  - Environments: .env

   Linting and checking validity of types ...
   Creating an optimized production build ...
 Î“ÂŁĂ´ Compiled successfully
   Collecting page data ...
   Generating static pages (0/40) ...
   Generating static pages (10/40) 
   Generating static pages (20/40) 
   Generating static pages (30/40) 
 Î“ÂŁĂ´ Generating static pages (40/40)
   Finalizing page optimization ...
   Collecting build traces ...

Route (pages)                              Size     First Load JS
Î“Ă¶Ă® Î“ĂąĂŻ /                                      455 B           262 kB
Î“Ă¶ÂŁ   /_app                                  0 B             225 kB
Î“Ă¶ÂŁ Î“ĂąĂŻ /404                                   182 B           225 kB
Î“Ă¶ÂŁ Î“ĂąĂŻ /about                                 2.11 kB         261 kB
Î“Ă¶ÂŁ Î“ĂąĂŻ /admin                                 406 B           272 kB
Î“Ă¶ÂŁ â•žĂ† /api/admin/system-health               0 B             225 kB
Î“Ă¶ÂŁ â•žĂ† /api/approvals                         0 B             225 kB
Î“Ă¶ÂŁ â•žĂ† /api/approvals/[id]                    0 B             225 kB
Î“Ă¶ÂŁ â•žĂ† /api/attendance                        0 B             225 kB
Î“Ă¶ÂŁ â•žĂ† /api/audit                             0 B             225 kB
Î“Ă¶ÂŁ â•žĂ† /api/auth/login                        0 B             225 kB
Î“Ă¶ÂŁ â•žĂ† /api/cbc/learning-areas                0 B             225 kB
Î“Ă¶ÂŁ â•žĂ† /api/cbc/scores                        0 B             225 kB
Î“Ă¶ÂŁ â•žĂ† /api/cbc/scores/bulk                   0 B             225 kB
Î“Ă¶ÂŁ â•žĂ† /api/commercial/credit                 0 B             225 kB
Î“Ă¶ÂŁ â•žĂ† /api/commercial/po                     0 B             225 kB
Î“Ă¶ÂŁ â•žĂ† /api/debug-db                          0 B             225 kB
Î“Ă¶ÂŁ â•žĂ† /api/exams                             0 B             225 kB
Î“Ă¶ÂŁ â•žĂ† /api/exams/[id]                        0 B             225 kB
Î“Ă¶ÂŁ â•žĂ† /api/fees                              0 B             225 kB
Î“Ă¶ÂŁ â•žĂ† /api/fees/[id]                         0 B             225 kB
Î“Ă¶ÂŁ â•žĂ† /api/fees/apply                        0 B             225 kB
Î“Ă¶ÂŁ â•žĂ† /api/fees/revert                       0 B             225 kB
Î“Ă¶ÂŁ â•žĂ† /api/fees/structure                    0 B             225 kB
Î“Ă¶ÂŁ â•žĂ† /api/finance/accounts                  0 B             225 kB
Î“Ă¶ÂŁ â•žĂ† /api/finance/budgets                   0 B             225 kB
Î“Ă¶ÂŁ â•žĂ† /api/finance/expenses                  0 B             225 kB
Î“Ă¶ÂŁ â•žĂ† /api/finance/payroll                   0 B             225 kB
Î“Ă¶ÂŁ â•žĂ† /api/finance/stats                     0 B             225 kB
Î“Ă¶ÂŁ â•žĂ† /api/finance/suppliers                 0 B             225 kB
Î“Ă¶ÂŁ â•žĂ† /api/health                            0 B             225 kB
Î“Ă¶ÂŁ â•žĂ† /api/hr/payroll/run                    0 B             225 kB
Î“Ă¶ÂŁ â•žĂ† /api/hr/staff                          0 B             225 kB
Î“Ă¶ÂŁ â•žĂ† /api/notifications                     0 B             225 kB
Î“Ă¶ÂŁ â•žĂ† /api/results                           0 B             225 kB
Î“Ă¶ÂŁ â•žĂ† /api/roles                             0 B             225 kB
Î“Ă¶ÂŁ â•žĂ† /api/settings                          0 B             225 kB
Î“Ă¶ÂŁ â•žĂ† /api/settings/reset                    0 B             225 kB
Î“Ă¶ÂŁ â•žĂ† /api/students                          0 B             225 kB
Î“Ă¶ÂŁ â•žĂ† /api/students/[id]                     0 B             225 kB
Î“Ă¶ÂŁ â•žĂ† /api/sync/all                          0 B             225 kB
Î“Ă¶ÂŁ â•žĂ† /api/sync/status                       0 B             225 kB
Î“Ă¶ÂŁ â•žĂ† /api/teachers                          0 B             225 kB
Î“Ă¶ÂŁ â•žĂ† /api/teachers/[id]                     0 B             225 kB
Î“Ă¶ÂŁ â•žĂ† /api/test-db                           0 B             225 kB
Î“Ă¶ÂŁ â•žĂ† /api/timetable                         0 B             225 kB
Î“Ă¶ÂŁ â•žĂ† /api/timetable/[id]                    0 B             225 kB
Î“Ă¶ÂŁ â•žĂ† /api/timetable/bulk                    0 B             225 kB
Î“Ă¶ÂŁ â•žĂ† /api/users                             0 B             225 kB
Î“Ă¶ÂŁ â•žĂ† /api/users/[id]                        0 B             225 kB
Î“Ă¶ÂŁ â•žĂ† /api/users/[id]/reset-password         0 B             225 kB
Î“Ă¶ÂŁ â•žĂ† /api/users/change-password             0 B             225 kB
Î“Ă¶ÂŁ Î“ĂąĂŻ /app/About (389 ms)                    2.1 kB          253 kB
Î“Ă¶ÂŁ Î“ĂąĂŻ /app/Admin                             1.82 kB         269 kB
Î“Ă¶ÂŁ Î“ĂąĂŻ /app/ApprovalCenter (411 ms)           2.32 kB         253 kB
Î“Ă¶ÂŁ Î“ĂąĂŻ /app/Attendance (399 ms)               369 B           255 kB
Î“Ă¶ÂŁ Î“ĂąĂŻ /app/Commercial                        508 B           254 kB
Î“Ă¶ÂŁ Î“ĂąĂŻ /app/Communication (378 ms)            197 B           255 kB
Î“Ă¶ÂŁ Î“ĂąĂŻ /app/Dashboard (373 ms)                311 B           254 kB
Î“Ă¶ÂŁ Î“ĂąĂŻ /app/Exams (395 ms)                    445 B           254 kB
Î“Ă¶ÂŁ Î“ĂąĂŻ /app/Fees                              585 B           276 kB
Î“Ă¶ÂŁ Î“ĂąĂŻ /app/Grades (377 ms)                   1.23 kB         252 kB
Î“Ă¶ÂŁ Î“ĂąĂŻ /app/HRManagement                      417 B           253 kB
Î“Ă¶ÂŁ Î“ĂąĂŻ /app/Login                             999 B           252 kB
Î“Ă¶ÂŁ Î“ĂąĂŻ /app/Manual                            3.25 kB         254 kB
Î“Ă¶ÂŁ Î“ĂąĂŻ /app/Profile                           1.51 kB         252 kB
Î“Ă¶ÂŁ Î“ĂąĂŻ /app/Reports                           704 B           262 kB
Î“Ă¶ÂŁ Î“ĂąĂŻ /app/Results                           312 B           260 kB
Î“Ă¶ÂŁ Î“ĂąĂŻ /app/Students                          447 B           254 kB
Î“Ă¶ÂŁ Î“ĂąĂŻ /app/Teachers                          370 B           254 kB
Î“Ă¶ÂŁ Î“ĂąĂŻ /app/Timetable                         314 B           259 kB
Î“Ă¶ÂŁ Î“ĂąĂŻ /approvals                             2.45 kB         261 kB
Î“Ă¶ÂŁ Î“ĂąĂŻ /attendance                            551 B           263 kB
Î“Ă¶ÂŁ Î“ĂąĂŻ /commercial                            438 B           262 kB
Î“Ă¶ÂŁ Î“ĂąĂŻ /communication                         410 B           264 kB
Î“Ă¶ÂŁ Î“ĂąĂŻ /exams                                 406 B           262 kB
Î“Ă¶ÂŁ Î“ĂąĂŻ /fees                                  549 B           284 kB
Î“Ă¶ÂŁ Î“ĂąĂŻ /grades                                1.28 kB         260 kB
Î“Ă¶ÂŁ Î“ĂąĂŻ /hr                                    429 B           262 kB
Î“Ă¶ÂŁ Î“ĂąĂŻ /login                                 1.13 kB         252 kB
Î“Ă¶ÂŁ Î“ĂąĂŻ /manual                                2.61 kB         262 kB
Î“Ă¶ÂŁ Î“ĂąĂŻ /profile                               1.66 kB         261 kB
Î“Ă¶ÂŁ Î“ĂąĂŻ /reports                               409 B           270 kB
Î“Ă¶ÂŁ Î“ĂąĂŻ /results                               408 B           269 kB
Î“Ă¶ÂŁ Î“ĂąĂŻ /students                              549 B           263 kB
Î“Ă¶ÂŁ Î“ĂąĂŻ /teachers                              406 B           262 kB
Î“Ă¶Ă¶ Î“ĂąĂŻ /timetable                             413 B           267 kB
+ First Load JS shared by all              233 kB
  Î“Ă¶ÂŁ chunks/framework-840cff9d6bb95703.js   44.8 kB
  Î“Ă¶ÂŁ chunks/main-d514106b9c8b0334.js        34 kB
  Î“Ă¶ÂŁ chunks/pages/_app-94ba8e095a3c828d.js  145 kB
  Î“Ă¶Ă¶ other shared chunks (total)            9.24 kB

Î“ĂąĂŻ  (Static)   prerendered as static content
â•žĂ†  (Dynamic)  server-rendered on demand

